<?xml version="1.0" encoding="UTF-8"?>
<!-- Generated by org.testng.reporters.JUnitXMLReporter -->
<testsuite ignored="0" hostname="SiddhiRao-FVFGWQ7VQ05D" failures="0" tests="3" name="BStackDemo 2-1" time="69.43" errors="0" timestamp="2024-05-23T17:01:44 IST">
  <testcase classname="com.browserstack.test.suites.login.LoginTest" name="loginFail" time="1.463"/>
  <testcase classname="com.browserstack.test.suites.login.LoginTest" name="loginLockedUser" time="2.076"/>
  <testcase classname="com.browserstack.test.suites.login.LoginTest" name="loginSuccess" time="2.2"/>
</testsuite> <!-- BStackDemo 2-1 -->
