<?xml version="1.0" encoding="UTF-8"?>
<!-- Generated by org.testng.reporters.JUnitXMLReporter -->
<testsuite ignored="0" hostname="SiddhiRao-FVFGWQ7VQ05D" failures="0" tests="2" name="BStackDemo 5-0" time="53.203" errors="0" timestamp="2024-05-23T17:01:28 IST">
  <testcase classname="com.browserstack.test.suites.product.FilterTest" name="filterLowestToHighestTest" time="5.739"/>
  <testcase classname="com.browserstack.test.suites.product.FilterTest" name="filterVendorTest" time="23.218"/>
</testsuite> <!-- BStackDemo 5-0 -->
