<?xml version="1.0" encoding="UTF-8"?>
<!-- Generated by org.testng.reporters.JUnitXMLReporter -->
<testsuite ignored="0" hostname="SiddhiRao-FVFGWQ7VQ05D" failures="0" tests="3" name="BStackDemo 2-0" time="77.245" errors="0" timestamp="2024-05-23T17:01:52 IST">
  <testcase classname="com.browserstack.test.suites.login.LoginTest" name="loginFail" time="8.447"/>
  <testcase classname="com.browserstack.test.suites.login.LoginTest" name="loginLockedUser" time="14.925"/>
  <testcase classname="com.browserstack.test.suites.login.LoginTest" name="loginSuccess" time="18.937"/>
</testsuite> <!-- BStackDemo 2-0 -->
