<?xml version="1.0" encoding="UTF-8"?>
<!-- Generated by org.testng.reporters.JUnitXMLReporter -->
<testsuite ignored="0" hostname="SiddhiRao-FVFGWQ7VQ05D" failures="1" tests="1" name="BStackDemo 3-3" time="24.799" errors="0" timestamp="2024-05-23T17:01:00 IST">
  <testcase classname="com.browserstack.test.suites.login.LoginFailTest" name="loginFail" time="2.799">
    <failure type="java.lang.AssertionError" message="expected [fav] but found [fav_user]">
      <![CDATA[java.lang.AssertionError: expected [fav] but found [fav_user]
at com.browserstack.test.suites.login.LoginFailTest.loginFail(LoginFailTest.java:20)
at java.base/java.util.ArrayList.forEach(ArrayList.java:1511)
at java.base/java.util.concurrent.FutureTask.run(FutureTask.java:264)
at java.base/java.util.concurrent.ThreadPoolExecutor.runWorker(ThreadPoolExecutor.java:1130)
at java.base/java.util.concurrent.ThreadPoolExecutor$Worker.run(ThreadPoolExecutor.java:630)
at java.base/java.lang.Thread.run(Thread.java:831)
... Removed 24 stack frames]]>
    </failure>
  </testcase> <!-- loginFail -->
</testsuite> <!-- BStackDemo 3-3 -->
