<?xml version="1.0" encoding="UTF-8"?>
<!-- Generated by org.testng.reporters.JUnitXMLReporter -->
<testsuite ignored="0" hostname="SiddhiRao-FVFGWQ7VQ05D" failures="0" tests="3" name="BStackDemo 2-3" time="57.24" errors="0" timestamp="2024-05-23T17:01:32 IST">
  <testcase classname="com.browserstack.test.suites.login.LoginTest" name="loginFail" time="2.716"/>
  <testcase classname="com.browserstack.test.suites.login.LoginTest" name="loginLockedUser" time="2.48"/>
  <testcase classname="com.browserstack.test.suites.login.LoginTest" name="loginSuccess" time="3.656"/>
</testsuite> <!-- BStackDemo 2-3 -->
