<?xml version="1.0" encoding="UTF-8"?>
<!-- Generated by org.testng.reporters.JUnitXMLReporter -->
<testsuite ignored="0" hostname="SiddhiRao-FVFGWQ7VQ05D" failures="0" tests="2" name="BStackDemo 5-1" time="46.26" errors="0" timestamp="2024-05-23T17:01:21 IST">
  <testcase classname="com.browserstack.test.suites.product.FilterTest" name="filterLowestToHighestTest" time="3.277"/>
  <testcase classname="com.browserstack.test.suites.product.FilterTest" name="filterVendorTest" time="3.137"/>
</testsuite> <!-- BStackDemo 5-1 -->
