<?xml version="1.0" encoding="UTF-8"?>
<!-- Generated by org.testng.reporters.JUnitXMLReporter -->
<testsuite ignored="0" hostname="SiddhiRao-FVFGWQ7VQ05D" failures="2" tests="2" name="BStackDemo 1-3" time="224.056" errors="0" timestamp="2024-05-23T17:04:20 IST">
  <testcase classname="com.browserstack.test.suites.e2e.OrderTest" name="placeOrder" time="26.303">
    <failure type="org.openqa.selenium.WebDriverException" message="Error executing browserstack_executor command. fileExists is supported only for desktop browsers
Build info: version: &amp;apos;4.9.1&amp;apos;, revision: &amp;apos;eb2032df7f&amp;apos;
System info: os.name: &amp;apos;Mac OS X&amp;apos;, os.arch: &amp;apos;x86_64&amp;apos;, os.version: &amp;apos;12.4&amp;apos;, java.version: &amp;apos;16.0.2&amp;apos;
Driver info: org.openqa.selenium.remote.RemoteWebDriver
Command: [8ea68f88c71c8d816aa0933be430c12726c6e7e6, executeScript {script=browserstack_executor: {&amp;quot;action&amp;quot;: &amp;quot;fileExists&amp;quot;, &amp;quot;arguments&amp;quot;: {&amp;quot;fileName&amp;quot;: &amp;quot;confirmation.pdf&amp;quot;}}, args=[]}]
Capabilities {appActivity: com.google.android.apps.chr..., appPackage: com.android.chrome, browserName: chrome, chromedriverArgs: [--adb-port=5038], chromedriverPort: 18087, databaseEnabled: false, desired: {browserName: chrome, chromedriverArgs: [--adb-port=5038], chromedriverPort: 18087, deviceName: android, goog:chromeOptions: {args: [--proxy-bypass-list=&amp;lt;-loopb..., test-type, --proxy-server=http://193.1..., --disable-features=Translate]}, newCommandTimeout: 0, platformName: Android, skipServerInstallation: true, systemPort: 8207, udid: RZCW20EHMEV}, deviceApiLevel: 33, deviceManufacturer: samsung, deviceModel: SM-S918B, deviceName: RZCW20EHMEV, deviceScreenDensity: 450, deviceScreenSize: 1080x2316, deviceUDID: RZCW20EHMEV, goog:chromeOptions: {args: [--proxy-bypass-list=&amp;lt;-loopb..., test-type, --proxy-server=http://193.1..., --disable-features=Translate]}, javascriptEnabled: true, locationContextEnabled: false, networkConnectionEnabled: true, newCommandTimeout: 0, optimalHubUrl: hub-aps.browserstack.com, pixelRatio: 2.8125, platform: LINUX, platformName: ANDROID, platformVersion: 13, skipServerInstallation: true, statBarHeight: 75, systemPort: 8207, takesScreenshot: true, udid: RZCW20EHMEV, viewportRect: {height: 2031, left: 0, top: 75, width: 1080}, warnings: {}, webStorageEnabled: false}
Session ID: 8ea68f88c71c8d816aa0933be430c12726c6e7e6">
      <![CDATA[org.openqa.selenium.WebDriverException: Error executing browserstack_executor command. fileExists is supported only for desktop browsers
Build info: version: '4.9.1', revision: 'eb2032df7f'
System info: os.name: 'Mac OS X', os.arch: 'x86_64', os.version: '12.4', java.version: '16.0.2'
Driver info: org.openqa.selenium.remote.RemoteWebDriver
Command: [8ea68f88c71c8d816aa0933be430c12726c6e7e6, executeScript {script=browserstack_executor: {"action": "fileExists", "arguments": {"fileName": "confirmation.pdf"}}, args=[]}]
Capabilities {appActivity: com.google.android.apps.chr..., appPackage: com.android.chrome, browserName: chrome, chromedriverArgs: [--adb-port=5038], chromedriverPort: 18087, databaseEnabled: false, desired: {browserName: chrome, chromedriverArgs: [--adb-port=5038], chromedriverPort: 18087, deviceName: android, goog:chromeOptions: {args: [--proxy-bypass-list=<-loopb..., test-type, --proxy-server=http://193.1..., --disable-features=Translate]}, newCommandTimeout: 0, platformName: Android, skipServerInstallation: true, systemPort: 8207, udid: RZCW20EHMEV}, deviceApiLevel: 33, deviceManufacturer: samsung, deviceModel: SM-S918B, deviceName: RZCW20EHMEV, deviceScreenDensity: 450, deviceScreenSize: 1080x2316, deviceUDID: RZCW20EHMEV, goog:chromeOptions: {args: [--proxy-bypass-list=<-loopb..., test-type, --proxy-server=http://193.1..., --disable-features=Translate]}, javascriptEnabled: true, locationContextEnabled: false, networkConnectionEnabled: true, newCommandTimeout: 0, optimalHubUrl: hub-aps.browserstack.com, pixelRatio: 2.8125, platform: LINUX, platformName: ANDROID, platformVersion: 13, skipServerInstallation: true, statBarHeight: 75, systemPort: 8207, takesScreenshot: true, udid: RZCW20EHMEV, viewportRect: {height: 2031, left: 0, top: 75, width: 1080}, warnings: {}, webStorageEnabled: false}
Session ID: 8ea68f88c71c8d816aa0933be430c12726c6e7e6
at org.openqa.selenium.remote.codec.w3c.W3CHttpResponseCodec.createException(W3CHttpResponseCodec.java:200)
at org.openqa.selenium.remote.codec.w3c.W3CHttpResponseCodec.decode(W3CHttpResponseCodec.java:133)
at org.openqa.selenium.remote.codec.w3c.W3CHttpResponseCodec.decode(W3CHttpResponseCodec.java:53)
at org.openqa.selenium.remote.HttpCommandExecutor.execute(HttpCommandExecutor.java:193)
at org.openqa.selenium.remote.RemoteWebDriver.execute(RemoteWebDriver.java:543)
at org.openqa.selenium.remote.RemoteWebDriver.executeScript(RemoteWebDriver.java:480)
at com.browserstack.test.suites.e2e.OrderTest.downloadedFileExists(OrderTest.java:54)
at com.browserstack.test.suites.e2e.OrderTest.placeOrder(OrderTest.java:40)
at java.base/java.util.ArrayList.forEach(ArrayList.java:1511)
at java.base/java.util.concurrent.FutureTask.run(FutureTask.java:264)
at java.base/java.util.concurrent.ThreadPoolExecutor.runWorker(ThreadPoolExecutor.java:1130)
at java.base/java.util.concurrent.ThreadPoolExecutor$Worker.run(ThreadPoolExecutor.java:630)
at java.base/java.lang.Thread.run(Thread.java:831)
... Removed 23 stack frames]]>
    </failure>
  </testcase> <!-- placeOrder -->
  <testcase classname="com.browserstack.test.suites.e2e.OrderTest" name="placeOrder" time="103.637">
    <failure type="java.lang.RuntimeException" message="Unexpected result for screenshot command: com.google.common.collect.Maps$TransformedEntriesMap instance">
      <![CDATA[java.lang.RuntimeException: Unexpected result for screenshot command: com.google.common.collect.Maps$TransformedEntriesMap instance
at org.openqa.selenium.remote.RemoteWebDriver.getScreenshotAs(RemoteWebDriver.java:326)
at com.browserstack.test.utils.ScreenshotListener.attachFailedScreenshot(ScreenshotListener.java:15)
at com.browserstack.test.utils.ScreenshotListener.onTestFailure(ScreenshotListener.java:23)
at java.base/java.util.ArrayList.forEach(ArrayList.java:1511)
at java.base/java.util.concurrent.FutureTask.run(FutureTask.java:264)
at java.base/java.util.concurrent.ThreadPoolExecutor.runWorker(ThreadPoolExecutor.java:1130)
at java.base/java.util.concurrent.ThreadPoolExecutor$Worker.run(ThreadPoolExecutor.java:630)
at java.base/java.lang.Thread.run(Thread.java:831)
... Removed 15 stack frames]]>
    </failure>
  </testcase> <!-- placeOrder -->
</testsuite> <!-- BStackDemo 1-3 -->
