<?xml version="1.0" encoding="UTF-8"?>
<testsuite xmlns:xsi="http://www.w3.org/2001/XMLSchema-instance" xsi:schemaLocation="https://maven.apache.org/surefire/maven-surefire-plugin/xsd/surefire-test-report.xsd" name="TestSuite" time="226.375" tests="37" errors="0" skipped="0" failures="6">
  <properties>
[...]
</properties>
  <testcase name="loginFail" classname="com.browserstack.test.suites.login.LoginTest" time="0.63"/>
  <testcase name="loginFail" classname="com.browserstack.test.suites.login.LoginTest" time="1.071"/>
  <testcase name="loginFail" classname="com.browserstack.test.suites.login.LoginTest" time="1.462"/>
  <testcase name="loginFail" classname="com.browserstack.test.suites.login.LoginTest" time="0.264"/>
  <testcase name="loginFail" classname="com.browserstack.test.suites.login.LoginFailTest" time="0.951"/>
  <testcase name="loginFail" classname="com.browserstack.test.suites.login.LoginFailTest" time="0.358">
    <failure message="expected [fav] but found [fav_user]" type="java.lang.AssertionError">java.lang.AssertionError: expected [fav] but found [fav_user]
	at com.browserstack.test.suites.login.LoginFailTest.loginFail(LoginFailTest.java:20)
</failure>
    <system-out><![CDATA[[&amp#27;[1;34mINFO&amp#27;[0;39m] Automate test case execution has ended. Processing for accessibility testing is underway.
[&amp#27;[1;34mINFO&amp#27;[0;39m] Setup for Accessibility testing has started. Automate test case execution will begin momentarily.
[&amp#27;[1;34mINFO&amp#27;[0;39m] Setup for Accessibility testing has started. Automate test case execution will begin momentarily.
]]></system-out>
  </testcase>
  <testcase name="loginFail" classname="com.browserstack.test.suites.login.LoginFailTest" time="0.718"/>
  <testcase name="loginFail" classname="com.browserstack.test.suites.login.LoginFailTest" time="1.266">
    <failure message="expected [fav] but found [fav_user]" type="java.lang.AssertionError">java.lang.AssertionError: expected [fav] but found [fav_user]
	at com.browserstack.test.suites.login.LoginFailTest.loginFail(LoginFailTest.java:20)
</failure>
  </testcase>
  <testcase name="checkOffersInSingapore" classname="com.browserstack.test.suites.offers.OfferTest" time="1.3"/>
  <testcase name="checkOffersInSingapore" classname="com.browserstack.test.suites.offers.OfferTest" time="0.091"/>
  <testcase name="checkOffersInSingapore" classname="com.browserstack.test.suites.offers.OfferTest" time="1.882">
    <failure message="expected [3] but found [0]" type="java.lang.AssertionError">java.lang.AssertionError: expected [3] but found [0]
	at com.browserstack.test.suites.offers.OfferTest.checkOffersInSingapore(OfferTest.java:38)
</failure>
  </testcase>
  <testcase name="checkOffersInSingapore" classname="com.browserstack.test.suites.offers.OfferTest" time="0.008"/>
  <testcase name="filterLowestToHighestTest" classname="com.browserstack.test.suites.product.FilterTest" time="1.543"/>
  <testcase name="filterLowestToHighestTest" classname="com.browserstack.test.suites.product.FilterTest" time="0.187"/>
  <testcase name="filterLowestToHighestTest" classname="com.browserstack.test.suites.product.FilterTest" time="0.614"/>
  <testcase name="filterLowestToHighestTest" classname="com.browserstack.test.suites.product.FilterTest" time="1.132"/>
  <testcase name="placeOrder" classname="com.browserstack.test.suites.e2e.OrderTest" time="0.613"/>
  <testcase name="placeOrder" classname="com.browserstack.test.suites.e2e.OrderTest" time="0.933">
    <failure message="Error executing browserstack_executor command. fileExists is supported only for desktop browsers&#10;Build info: version: &apos;4.9.1&apos;, revision: &apos;eb2032df7f&apos;&#10;System info: os.name: &apos;Mac OS X&apos;, os.arch: &apos;x86_64&apos;, os.version: &apos;12.4&apos;, java.version: &apos;16.0.2&apos;&#10;Driver info: org.openqa.selenium.remote.RemoteWebDriver&#10;Command: [fe05355f3e5c9a4b48ca1186a99903c09a7ef535, executeScript {script=browserstack_executor: {&quot;action&quot;: &quot;fileExists&quot;, &quot;arguments&quot;: {&quot;fileName&quot;: &quot;confirmation.pdf&quot;}}, args=[]}]&#10;Capabilities {automationName: XCUITest, bootstrapPath: /usr/local/.browserstack/co..., browserName: , browserVersion: null, browserstack.isTargetBased: true, bundleId: browserstack.chromium.p.71...., databaseEnabled: false, deviceName: iPhone 13, deviceOrientation: PORTRAIT, javascriptEnabled: true, keychainPassword: [REDACTED VALUE], keychainPath: [REDACTED VALUE], locationContextEnabled: false, networkConnectionEnabled: false, newCommandTimeout: 0, noReset: true, optimalHubUrl: hub-aps.browserstack.com, orientation: PORTRAIT, platform: MAC, platformName: IOS, realMobile: true, takesScreenshot: true, udid: 00008110-000221620EDA401E, useXctestrunFile: true, webStorageEnabled: false}&#10;Session ID: fe05355f3e5c9a4b48ca1186a99903c09a7ef535" type="org.openqa.selenium.WebDriverException">org.openqa.selenium.WebDriverException: 
Error executing browserstack_executor command. fileExists is supported only for desktop browsers
Build info: version: '4.9.1', revision: 'eb2032df7f'
System info: os.name: 'Mac OS X', os.arch: 'x86_64', os.version: '12.4', java.version: '16.0.2'
Driver info: org.openqa.selenium.remote.RemoteWebDriver
Command: [fe05355f3e5c9a4b48ca1186a99903c09a7ef535, executeScript {script=browserstack_executor: {"action": "fileExists", "arguments": {"fileName": "confirmation.pdf"}}, args=[]}]
Capabilities {automationName: XCUITest, bootstrapPath: /usr/local/.browserstack/co..., browserName: , browserVersion: null, browserstack.isTargetBased: true, bundleId: browserstack.chromium.p.71...., databaseEnabled: false, deviceName: iPhone 13, deviceOrientation: PORTRAIT, javascriptEnabled: true, keychainPassword: [REDACTED VALUE], keychainPath: [REDACTED VALUE], locationContextEnabled: false, networkConnectionEnabled: false, newCommandTimeout: 0, noReset: true, optimalHubUrl: hub-aps.browserstack.com, orientation: PORTRAIT, platform: MAC, platformName: IOS, realMobile: true, takesScreenshot: true, udid: 00008110-000221620EDA401E, useXctestrunFile: true, webStorageEnabled: false}
Session ID: fe05355f3e5c9a4b48ca1186a99903c09a7ef535
	at com.browserstack.test.suites.e2e.OrderTest.downloadedFileExists(OrderTest.java:54)
	at com.browserstack.test.suites.e2e.OrderTest.placeOrder(OrderTest.java:40)
</failure>
    <system-out><![CDATA[[&amp#27;[1;34mINFO&amp#27;[0;39m] Setup for Accessibility testing has started. Automate test case execution will begin momentarily.
[&amp#27;[1;34mINFO&amp#27;[0;39m] Automate test case execution has ended. Processing for accessibility testing is underway.
[&amp#27;[1;34mINFO&amp#27;[0;39m] Automate test case execution has ended. Processing for accessibility testing is underway.
[&amp#27;[1;33mWARN&amp#27;[0;39m] Accessibility Automation will run only on Desktop browsers.
]]></system-out>
  </testcase>
  <testcase name="placeOrder" classname="com.browserstack.test.suites.e2e.OrderTest" time="0.943">
    <failure message="Error executing browserstack_executor command. fileExists is supported only for desktop browsers&#10;Build info: version: &apos;4.9.1&apos;, revision: &apos;eb2032df7f&apos;&#10;System info: os.name: &apos;Mac OS X&apos;, os.arch: &apos;x86_64&apos;, os.version: &apos;12.4&apos;, java.version: &apos;16.0.2&apos;&#10;Driver info: org.openqa.selenium.remote.RemoteWebDriver&#10;Command: [8ea68f88c71c8d816aa0933be430c12726c6e7e6, executeScript {script=browserstack_executor: {&quot;action&quot;: &quot;fileExists&quot;, &quot;arguments&quot;: {&quot;fileName&quot;: &quot;confirmation.pdf&quot;}}, args=[]}]&#10;Capabilities {appActivity: com.google.android.apps.chr..., appPackage: com.android.chrome, browserName: chrome, chromedriverArgs: [--adb-port=5038], chromedriverPort: 18087, databaseEnabled: false, desired: {browserName: chrome, chromedriverArgs: [--adb-port=5038], chromedriverPort: 18087, deviceName: android, goog:chromeOptions: {args: [--proxy-bypass-list=&lt;-loopb..., test-type, --proxy-server=http://193.1..., --disable-features=Translate]}, newCommandTimeout: 0, platformName: Android, skipServerInstallation: true, systemPort: 8207, udid: RZCW20EHMEV}, deviceApiLevel: 33, deviceManufacturer: samsung, deviceModel: SM-S918B, deviceName: RZCW20EHMEV, deviceScreenDensity: 450, deviceScreenSize: 1080x2316, deviceUDID: RZCW20EHMEV, goog:chromeOptions: {args: [--proxy-bypass-list=&lt;-loopb..., test-type, --proxy-server=http://193.1..., --disable-features=Translate]}, javascriptEnabled: true, locationContextEnabled: false, networkConnectionEnabled: true, newCommandTimeout: 0, optimalHubUrl: hub-aps.browserstack.com, pixelRatio: 2.8125, platform: LINUX, platformName: ANDROID, platformVersion: 13, skipServerInstallation: true, statBarHeight: 75, systemPort: 8207, takesScreenshot: true, udid: RZCW20EHMEV, viewportRect: {height: 2031, left: 0, top: 75, width: 1080}, warnings: {}, webStorageEnabled: false}&#10;Session ID: 8ea68f88c71c8d816aa0933be430c12726c6e7e6" type="org.openqa.selenium.WebDriverException"><![CDATA[org.openqa.selenium.WebDriverException: 
Error executing browserstack_executor command. fileExists is supported only for desktop browsers
Build info: version: '4.9.1', revision: 'eb2032df7f'
System info: os.name: 'Mac OS X', os.arch: 'x86_64', os.version: '12.4', java.version: '16.0.2'
Driver info: org.openqa.selenium.remote.RemoteWebDriver
Command: [8ea68f88c71c8d816aa0933be430c12726c6e7e6, executeScript {script=browserstack_executor: {"action": "fileExists", "arguments": {"fileName": "confirmation.pdf"}}, args=[]}]
Capabilities {appActivity: com.google.android.apps.chr..., appPackage: com.android.chrome, browserName: chrome, chromedriverArgs: [--adb-port=5038], chromedriverPort: 18087, databaseEnabled: false, desired: {browserName: chrome, chromedriverArgs: [--adb-port=5038], chromedriverPort: 18087, deviceName: android, goog:chromeOptions: {args: [--proxy-bypass-list=<-loopb..., test-type, --proxy-server=http://193.1..., --disable-features=Translate]}, newCommandTimeout: 0, platformName: Android, skipServerInstallation: true, systemPort: 8207, udid: RZCW20EHMEV}, deviceApiLevel: 33, deviceManufacturer: samsung, deviceModel: SM-S918B, deviceName: RZCW20EHMEV, deviceScreenDensity: 450, deviceScreenSize: 1080x2316, deviceUDID: RZCW20EHMEV, goog:chromeOptions: {args: [--proxy-bypass-list=<-loopb..., test-type, --proxy-server=http://193.1..., --disable-features=Translate]}, javascriptEnabled: true, locationContextEnabled: false, networkConnectionEnabled: true, newCommandTimeout: 0, optimalHubUrl: hub-aps.browserstack.com, pixelRatio: 2.8125, platform: LINUX, platformName: ANDROID, platformVersion: 13, skipServerInstallation: true, statBarHeight: 75, systemPort: 8207, takesScreenshot: true, udid: RZCW20EHMEV, viewportRect: {height: 2031, left: 0, top: 75, width: 1080}, warnings: {}, webStorageEnabled: false}
Session ID: 8ea68f88c71c8d816aa0933be430c12726c6e7e6
	at com.browserstack.test.suites.e2e.OrderTest.downloadedFileExists(OrderTest.java:54)
	at com.browserstack.test.suites.e2e.OrderTest.placeOrder(OrderTest.java:40)
]]></failure>
    <system-out><![CDATA[[&amp#27;[1;33mWARN&amp#27;[0;39m] Accessibility Automation will run only on Desktop browsers.
]]></system-out>
  </testcase>
  <testcase name="placeOrder" classname="com.browserstack.test.suites.e2e.OrderTest" time="6.091"/>
  <testcase name="placeOrder" classname="com.browserstack.test.suites.e2e.OrderTest" time="38.289">
    <failure message="Unexpected result for screenshot command: com.google.common.collect.Maps$TransformedEntriesMap instance" type="java.lang.RuntimeException">java.lang.RuntimeException: Unexpected result for screenshot command: com.google.common.collect.Maps$TransformedEntriesMap instance
</failure>
  </testcase>
  <testcase name="loginLockedUser" classname="com.browserstack.test.suites.login.LoginTest" time="0.468"/>
  <testcase name="loginLockedUser" classname="com.browserstack.test.suites.login.LoginTest" time="0.532"/>
  <testcase name="loginLockedUser" classname="com.browserstack.test.suites.login.LoginTest" time="1.474"/>
  <testcase name="loginLockedUser" classname="com.browserstack.test.suites.login.LoginTest" time="1.94"/>
  <testcase name="filterVendorTest" classname="com.browserstack.test.suites.product.FilterTest" time="1.117"/>
  <testcase name="filterVendorTest" classname="com.browserstack.test.suites.product.FilterTest" time="0.162"/>
  <testcase name="filterVendorTest" classname="com.browserstack.test.suites.product.FilterTest" time="3.211"/>
  <testcase name="filterVendorTest" classname="com.browserstack.test.suites.product.FilterTest" time="10.075"/>
  <testcase name="loginAndCheckExistingOrders" classname="com.browserstack.test.suites.user.UserTest" time="2.904"/>
  <testcase name="loginAndCheckExistingOrders" classname="com.browserstack.test.suites.user.UserTest" time="0.627"/>
  <testcase name="loginAndCheckExistingOrders" classname="com.browserstack.test.suites.user.UserTest" time="3.561"/>
  <testcase name="loginAndCheckExistingOrders" classname="com.browserstack.test.suites.user.UserTest" time="3.746"/>
  <testcase name="loginSuccess" classname="com.browserstack.test.suites.login.LoginTest" time="3.611"/>
  <testcase name="loginSuccess" classname="com.browserstack.test.suites.login.LoginTest" time="3.248"/>
  <testcase name="loginSuccess" classname="com.browserstack.test.suites.login.LoginTest" time="2.279"/>
  <testcase name="loginSuccess" classname="com.browserstack.test.suites.login.LoginTest" time="10.077"/>
</testsuite>